  MainCode.cpp
  SceneManager.cpp
G:\2024 Spring\CS-330\Module 1\CS330Content\CS330Content\Projects\7-1_FinalProjectMilestones\Source\SceneManager.cpp(338,16): warning C4018: '<': signed/unsigned mismatch
G:\2024 Spring\CS-330\Module 1\CS330Content\CS330Content\Projects\7-1_FinalProjectMilestones\Source\SceneManager.cpp(586,30): warning C4305: '=': truncation from 'double' to 'float'
  ViewManager.cpp
G:\2024 Spring\CS-330\Module 1\CS330Content\CS330Content\Projects\7-1_FinalProjectMilestones\Source\ViewManager.cpp(150,12): warning C4244: '=': conversion from 'double' to 'float', possible loss of data
G:\2024 Spring\CS-330\Module 1\CS330Content\CS330Content\Projects\7-1_FinalProjectMilestones\Source\ViewManager.cpp(151,12): warning C4244: '=': conversion from 'double' to 'float', possible loss of data
G:\2024 Spring\CS-330\Module 1\CS330Content\CS330Content\Projects\7-1_FinalProjectMilestones\Source\ViewManager.cpp(156,16): warning C4244: 'initializing': conversion from 'double' to 'float', possible loss of data
G:\2024 Spring\CS-330\Module 1\CS330Content\CS330Content\Projects\7-1_FinalProjectMilestones\Source\ViewManager.cpp(157,16): warning C4244: 'initializing': conversion from 'double' to 'float', possible loss of data
G:\2024 Spring\CS-330\Module 1\CS330Content\CS330Content\Projects\7-1_FinalProjectMilestones\Source\ViewManager.cpp(160,11): warning C4244: '=': conversion from 'double' to 'float', possible loss of data
G:\2024 Spring\CS-330\Module 1\CS330Content\CS330Content\Projects\7-1_FinalProjectMilestones\Source\ViewManager.cpp(161,11): warning C4244: '=': conversion from 'double' to 'float', possible loss of data
G:\2024 Spring\CS-330\Module 1\CS330Content\CS330Content\Projects\7-1_FinalProjectMilestones\Source\ViewManager.cpp(200,50): warning C4244: 'argument': conversion from 'long double' to 'float', possible loss of data
G:\2024 Spring\CS-330\Module 1\CS330Content\CS330Content\Projects\7-1_FinalProjectMilestones\Source\ViewManager.cpp(204,51): warning C4244: 'argument': conversion from 'long double' to 'float', possible loss of data
G:\2024 Spring\CS-330\Module 1\CS330Content\CS330Content\Projects\7-1_FinalProjectMilestones\Source\ViewManager.cpp(210,47): warning C4244: 'argument': conversion from 'long double' to 'float', possible loss of data
G:\2024 Spring\CS-330\Module 1\CS330Content\CS330Content\Projects\7-1_FinalProjectMilestones\Source\ViewManager.cpp(214,48): warning C4244: 'argument': conversion from 'long double' to 'float', possible loss of data
G:\2024 Spring\CS-330\Module 1\CS330Content\CS330Content\Projects\7-1_FinalProjectMilestones\Source\ViewManager.cpp(218,45): warning C4244: 'argument': conversion from 'long double' to 'float', possible loss of data
G:\2024 Spring\CS-330\Module 1\CS330Content\CS330Content\Projects\7-1_FinalProjectMilestones\Source\ViewManager.cpp(222,47): warning C4244: 'argument': conversion from 'long double' to 'float', possible loss of data
G:\2024 Spring\CS-330\Module 1\CS330Content\CS330Content\Projects\7-1_FinalProjectMilestones\Source\ViewManager.cpp(249,21): warning C4244: 'initializing': conversion from 'double' to 'float', possible loss of data
  Generating Code...
  7-1_FinalProjectMilestones.vcxproj -> G:\2024 Spring\CS-330\Module 1\CS330Content\CS330Content\Projects\7-1_FinalProjectMilestones\Debug\7-1_FinalProjectMilestones.exe
